# JRE version: OpenJDK Runtime Environment (8.0_202-b03) (build 1.8.0_202-release-1483-b03)
# Java VM: OpenJDK 64-Bit Server VM (25.202-b03 mixed mode windows-amd64 compressed oops)
Heap:
 PSYoungGen      total 282624K, used 133290K [0x00000000e0000000, 0x00000000f7a80000, 0x0000000100000000)
  eden space 182784K, 55% used [0x00000000e0000000,0x00000000e6341298,0x00000000eb280000)
  from space 99840K, 31% used [0x00000000eb280000,0x00000000ed1696d0,0x00000000f1400000)
  to   space 93696K, 0% used [0x00000000f1f00000,0x00000000f1f00000,0x00000000f7a80000)
 ParOldGen       total 334848K, used 62329K [0x00000000a0000000, 0x00000000b4700000, 0x00000000e0000000)
  object space 334848K, 18% used [0x00000000a0000000,0x00000000a3cde7d8,0x00000000b4700000)
 Metaspace       used 121791K, capacity 128842K, committed 129880K, reserved 1161216K
  class space    used 15953K, capacity 17525K, committed 17792K, reserved 1048576K
GC Heap History (10 events):
Event: 3014.661 GC heap before
{Heap before GC invocations=105 (full 9):
 PSYoungGen      total 268288K, used 255099K [0x00000000e0000000, 0x00000000f7a80000, 0x0000000100000000)
  eden space 175104K, 100% used [0x00000000e0000000,0x00000000eab00000,0x00000000eab00000)
  from space 93184K, 85% used [0x00000000eab00000,0x00000000ef91ef70,0x00000000f0600000)
  to   space 102912K, 0% used [0x00000000f1600000,0x00000000f1600000,0x00000000f7a80000)
 ParOldGen       total 334848K, used 233988K [0x00000000a0000000, 0x00000000b4700000, 0x00000000e0000000)
  object space 334848K, 69% used [0x00000000a0000000,0x00000000ae481190,0x00000000b4700000)
 Metaspace       used 119253K, capacity 126412K, committed 126936K, reserved 1159168K
  class space    used 15856K, capacity 17478K, committed 17664K, reserved 1048576K
Event: 3014.679 GC heap after
Heap after GC invocations=105 (full 9):
 PSYoungGen      total 282624K, used 7940K [0x00000000e0000000, 0x00000000f7980000, 0x0000000100000000)
  eden space 180736K, 0% used [0x00000000e0000000,0x00000000e0000000,0x00000000eb080000)
  from space 101888K, 7% used [0x00000000f1600000,0x00000000f1dc1258,0x00000000f7980000)
  to   space 102912K, 0% used [0x00000000eb080000,0x00000000eb080000,0x00000000f1500000)
 ParOldGen       total 334848K, used 233996K [0x00000000a0000000, 0x00000000b4700000, 0x00000000e0000000)
  object space 334848K, 69% used [0x00000000a0000000,0x00000000ae483190,0x00000000b4700000)
 Metaspace       used 119253K, capacity 126412K, committed 126936K, reserved 1159168K
  class space    used 15856K, capacity 17478K, committed 17664K, reserved 1048576K
}
Event: 6439.738 GC heap before
{Heap before GC invocations=106 (full 9):
 PSYoungGen      total 282624K, used 71801K [0x00000000e0000000, 0x00000000f7980000, 0x0000000100000000)
  eden space 180736K, 35% used [0x00000000e0000000,0x00000000e3e5d3b8,0x00000000eb080000)
  from space 101888K, 7% used [0x00000000f1600000,0x00000000f1dc1258,0x00000000f7980000)
  to   space 102912K, 0% used [0x00000000eb080000,0x00000000eb080000,0x00000000f1500000)
 ParOldGen       total 334848K, used 233996K [0x00000000a0000000, 0x00000000b4700000, 0x00000000e0000000)
  object space 334848K, 69% used [0x00000000a0000000,0x00000000ae483190,0x00000000b4700000)
 Metaspace       used 122185K, capacity 129368K, committed 129880K, reserved 1161216K
  class space    used 16047K, capacity 17672K, committed 17792K, reserved 1048576K
Event: 6455.574 GC heap after
Heap after GC invocations=106 (full 9):
 PSYoungGen      total 191488K, used 10343K [0x00000000e0000000, 0x00000000f7780000, 0x0000000100000000)
  eden space 180736K, 0% used [0x00000000e0000000,0x00000000e0000000,0x00000000eb080000)
  from space 10752K, 96% used [0x00000000eb080000,0x00000000eba99fe0,0x00000000ebb00000)
  to   space 101888K, 0% used [0x00000000f1400000,0x00000000f1400000,0x00000000f7780000)
 ParOldGen       total 334848K, used 234004K [0x00000000a0000000, 0x00000000b4700000, 0x00000000e0000000)
  object space 334848K, 69% used [0x00000000a0000000,0x00000000ae485190,0x00000000b4700000)
 Metaspace       used 122185K, capacity 129368K, committed 129880K, reserved 1161216K
  class space    used 16047K, capacity 17672K, committed 17792K, reserved 1048576K
}
Event: 6455.591 GC heap before
{Heap before GC invocations=107 (full 10):
 PSYoungGen      total 191488K, used 10343K [0x00000000e0000000, 0x00000000f7780000, 0x0000000100000000)
  eden space 180736K, 0% used [0x00000000e0000000,0x00000000e0000000,0x00000000eb080000)
  from space 10752K, 96% used [0x00000000eb080000,0x00000000eba99fe0,0x00000000ebb00000)
  to   space 101888K, 0% used [0x00000000f1400000,0x00000000f1400000,0x00000000f7780000)
 ParOldGen       total 334848K, used 234004K [0x00000000a0000000, 0x00000000b4700000, 0x00000000e0000000)
  object space 334848K, 69% used [0x00000000a0000000,0x00000000ae485190,0x00000000b4700000)
 Metaspace       used 122185K, capacity 129368K, committed 129880K, reserved 1161216K
  class space    used 16047K, capacity 17672K, committed 17792K, reserved 1048576K
Event: 6541.347 GC heap after
Heap after GC invocations=107 (full 10):
 PSYoungGen      total 191488K, used 0K [0x00000000e0000000, 0x00000000f7780000, 0x0000000100000000)
  eden space 180736K, 0% used [0x00000000e0000000,0x00000000e0000000,0x00000000eb080000)
  from space 10752K, 0% used [0x00000000eb080000,0x00000000eb080000,0x00000000ebb00000)
  to   space 101888K, 0% used [0x00000000f1400000,0x00000000f1400000,0x00000000f7780000)
 ParOldGen       total 334848K, used 62313K [0x00000000a0000000, 0x00000000b4700000, 0x00000000e0000000)
  object space 334848K, 18% used [0x00000000a0000000,0x00000000a3cda7d8,0x00000000b4700000)
 Metaspace       used 120909K, capacity 127254K, committed 129880K, reserved 1161216K
  class space    used 15780K, capacity 17181K, committed 17792K, reserved 1048576K
}
Event: 11966.092 GC heap before
{Heap before GC invocations=108 (full 10):
 PSYoungGen      total 191488K, used 180736K [0x00000000e0000000, 0x00000000f7780000, 0x0000000100000000)
  eden space 180736K, 100% used [0x00000000e0000000,0x00000000eb080000,0x00000000eb080000)
  from space 10752K, 0% used [0x00000000eb080000,0x00000000eb080000,0x00000000ebb00000)
  to   space 101888K, 0% used [0x00000000f1400000,0x00000000f1400000,0x00000000f7780000)
 ParOldGen       total 334848K, used 62313K [0x00000000a0000000, 0x00000000b4700000, 0x00000000e0000000)
  object space 334848K, 18% used [0x00000000a0000000,0x00000000a3cda7d8,0x00000000b4700000)
 Metaspace       used 121168K, capacity 127636K, committed 129880K, reserved 1161216K
  class space    used 15842K, capacity 17296K, committed 17792K, reserved 1048576K
Event: 11979.680 GC heap after
Heap after GC invocations=108 (full 10):
 PSYoungGen      total 284672K, used 9685K [0x00000000e0000000, 0x00000000f7800000, 0x0000000100000000)
  eden space 182784K, 0% used [0x00000000e0000000,0x00000000e0000000,0x00000000eb280000)
  from space 101888K, 9% used [0x00000000f1400000,0x00000000f1d756c0,0x00000000f7780000)
  to   space 99840K, 0% used [0x00000000eb280000,0x00000000eb280000,0x00000000f1400000)
 ParOldGen       total 334848K, used 62321K [0x00000000a0000000, 0x00000000b4700000, 0x00000000e0000000)
  object space 334848K, 18% used [0x00000000a0000000,0x00000000a3cdc7d8,0x00000000b4700000)
 Metaspace       used 121168K, capacity 127636K, committed 129880K, reserved 1161216K
  class space    used 15842K, capacity 17296K, committed 17792K, reserved 1048576K
}
Event: 12000.272 GC heap before
{Heap before GC invocations=109 (full 10):
 PSYoungGen      total 284672K, used 192469K [0x00000000e0000000, 0x00000000f7800000, 0x0000000100000000)
  eden space 182784K, 100% used [0x00000000e0000000,0x00000000eb280000,0x00000000eb280000)
  from space 101888K, 9% used [0x00000000f1400000,0x00000000f1d756c0,0x00000000f7780000)
  to   space 99840K, 0% used [0x00000000eb280000,0x00000000eb280000,0x00000000f1400000)
 ParOldGen       total 334848K, used 62321K [0x00000000a0000000, 0x00000000b4700000, 0x00000000e0000000)
  object space 334848K, 18% used [0x00000000a0000000,0x00000000a3cdc7d8,0x00000000b4700000)
 Metaspace       used 121632K, capacity 128480K, committed 129880K, reserved 1161216K
  class space    used 15928K, capacity 17483K, committed 17792K, reserved 1048576K
Event: 12006.988 GC heap after
Heap after GC invocations=109 (full 10):
 PSYoungGen      total 282624K, used 31653K [0x00000000e0000000, 0x00000000f7a80000, 0x0000000100000000)
  eden space 182784K, 0% used [0x00000000e0000000,0x00000000e0000000,0x00000000eb280000)
  from space 99840K, 31% used [0x00000000eb280000,0x00000000ed1696d0,0x00000000f1400000)
  to   space 93696K, 0% used [0x00000000f1f00000,0x00000000f1f00000,0x00000000f7a80000)
 ParOldGen       total 334848K, used 62329K [0x00000000a0000000, 0x00000000b4700000, 0x00000000e0000000)
  object space 334848K, 18% used [0x00000000a0000000,0x00000000a3cde7d8,0x00000000b4700000)
 Metaspace       used 121632K, capacity 128480K, committed 129880K, reserved 1161216K
  class space    used 15928K, capacity 17483K, committed 17792K, reserved 1048576K
}

